2026-03-06T09:04:00.118911Z  INFO ralph_core::event_loop: Memory injection check: enabled=true, inject=Auto, workspace_root="/Users/sunchit/Documents/projects/pai"
2026-03-06T09:04:00.118965Z  INFO ralph_core::event_loop: Looking for memories at: "/Users/sunchit/Documents/projects/pai/.ralph/agent/memories.md" (exists: false)
2026-03-06T09:04:00.118972Z  INFO ralph_core::event_loop: Successfully loaded 0 memories from store
2026-03-06T09:04:00.118976Z  INFO ralph_core::event_loop: Memory store is empty - no memories to inject
2026-03-06T09:06:08.517646Z  INFO ralph_core::event_loop: Memory injection check: enabled=true, inject=Auto, workspace_root="/Users/sunchit/Documents/projects/pai"
2026-03-06T09:06:08.517805Z  INFO ralph_core::event_loop: Looking for memories at: "/Users/sunchit/Documents/projects/pai/.ralph/agent/memories.md" (exists: false)
2026-03-06T09:06:08.517817Z  INFO ralph_core::event_loop: Successfully loaded 0 memories from store
2026-03-06T09:06:08.517821Z  INFO ralph_core::event_loop: Memory store is empty - no memories to inject
2026-03-06T09:06:08.519217Z  INFO ralph_core::event_loop: Injecting scratchpad (1576 chars) into prompt
2026-03-06T09:06:08.519458Z  INFO ralph_core::event_loop: Injecting ready tasks (1 ready, 4 open, 0 closed) into prompt
2026-03-06T09:08:34.522686Z  WARN ralph_core::event_loop: build.done rejected: missing backpressure evidence
2026-03-06T09:08:34.523613Z  INFO ralph_core::event_loop: Memory injection check: enabled=true, inject=Auto, workspace_root="/Users/sunchit/Documents/projects/pai"
2026-03-06T09:08:34.523624Z  INFO ralph_core::event_loop: Looking for memories at: "/Users/sunchit/Documents/projects/pai/.ralph/agent/memories.md" (exists: false)
2026-03-06T09:08:34.523629Z  INFO ralph_core::event_loop: Successfully loaded 0 memories from store
2026-03-06T09:08:34.523633Z  INFO ralph_core::event_loop: Memory store is empty - no memories to inject
2026-03-06T09:08:34.524711Z  INFO ralph_core::event_loop: Injecting scratchpad (2464 chars) into prompt
2026-03-06T09:08:34.525348Z  INFO ralph_core::event_loop: Injecting ready tasks (1 ready, 3 open, 1 closed) into prompt
2026-03-06T09:09:19.086088Z  INFO ralph_core::event_loop: Memory injection check: enabled=true, inject=Auto, workspace_root="/Users/sunchit/Documents/projects/pai"
2026-03-06T09:09:19.086233Z  INFO ralph_core::event_loop: Looking for memories at: "/Users/sunchit/Documents/projects/pai/.ralph/agent/memories.md" (exists: false)
2026-03-06T09:09:19.086241Z  INFO ralph_core::event_loop: Successfully loaded 0 memories from store
2026-03-06T09:09:19.086244Z  INFO ralph_core::event_loop: Memory store is empty - no memories to inject
2026-03-06T09:09:19.086611Z  INFO ralph_core::event_loop: Injecting scratchpad (2943 chars) into prompt
2026-03-06T09:09:19.086858Z  INFO ralph_core::event_loop: Injecting ready tasks (1 ready, 3 open, 1 closed) into prompt
2026-03-06T09:13:31.777610Z  WARN ralph_core::event_loop: build.done rejected: backpressure checks failed tests=true lint=true typecheck=true audit=false coverage=false duplication=false
2026-03-06T09:13:31.777979Z  INFO ralph_core::event_loop: Memory injection check: enabled=true, inject=Auto, workspace_root="/Users/sunchit/Documents/projects/pai"
2026-03-06T09:13:31.777993Z  INFO ralph_core::event_loop: Looking for memories at: "/Users/sunchit/Documents/projects/pai/.ralph/agent/memories.md" (exists: false)
2026-03-06T09:13:31.778001Z  INFO ralph_core::event_loop: Successfully loaded 0 memories from store
2026-03-06T09:13:31.778005Z  INFO ralph_core::event_loop: Memory store is empty - no memories to inject
2026-03-06T09:13:31.778193Z  INFO ralph_core::event_loop: Injecting scratchpad (4333 chars) into prompt
2026-03-06T09:13:31.778692Z  INFO ralph_core::event_loop: Injecting ready tasks (1 ready, 3 open, 1 closed) into prompt
2026-03-06T09:15:17.966845Z  INFO ralph_core::event_loop: Memory injection check: enabled=true, inject=Auto, workspace_root="/Users/sunchit/Documents/projects/pai"
2026-03-06T09:15:17.967057Z  INFO ralph_core::event_loop: Looking for memories at: "/Users/sunchit/Documents/projects/pai/.ralph/agent/memories.md" (exists: false)
2026-03-06T09:15:17.967073Z  INFO ralph_core::event_loop: Successfully loaded 0 memories from store
2026-03-06T09:15:17.967076Z  INFO ralph_core::event_loop: Memory store is empty - no memories to inject
2026-03-06T09:15:17.969906Z  INFO ralph_core::event_loop: Injecting scratchpad (4938 chars) into prompt
2026-03-06T09:15:17.971010Z  INFO ralph_core::event_loop: Injecting ready tasks (1 ready, 3 open, 1 closed) into prompt
2026-03-06T09:16:43.571815Z  WARN ralph_core::event_loop: build.done rejected: backpressure checks failed tests=false lint=false typecheck=false audit=false coverage=false duplication=false
2026-03-06T09:16:43.572611Z  INFO ralph_core::event_loop: Memory injection check: enabled=true, inject=Auto, workspace_root="/Users/sunchit/Documents/projects/pai"
2026-03-06T09:16:43.572624Z  INFO ralph_core::event_loop: Looking for memories at: "/Users/sunchit/Documents/projects/pai/.ralph/agent/memories.md" (exists: false)
2026-03-06T09:16:43.572629Z  INFO ralph_core::event_loop: Successfully loaded 0 memories from store
2026-03-06T09:16:43.572633Z  INFO ralph_core::event_loop: Memory store is empty - no memories to inject
2026-03-06T09:16:43.572838Z  INFO ralph_core::event_loop: Injecting scratchpad (5680 chars) into prompt
2026-03-06T09:16:43.573087Z  INFO ralph_core::event_loop: Injecting ready tasks (1 ready, 3 open, 1 closed) into prompt
2026-03-06T09:18:02.240033Z  INFO ralph_core::event_loop: Memory injection check: enabled=true, inject=Auto, workspace_root="/Users/sunchit/Documents/projects/pai"
2026-03-06T09:18:02.240252Z  INFO ralph_core::event_loop: Looking for memories at: "/Users/sunchit/Documents/projects/pai/.ralph/agent/memories.md" (exists: false)
2026-03-06T09:18:02.240262Z  INFO ralph_core::event_loop: Successfully loaded 0 memories from store
2026-03-06T09:18:02.240266Z  INFO ralph_core::event_loop: Memory store is empty - no memories to inject
2026-03-06T09:18:02.240621Z  INFO ralph_core::event_loop: Injecting scratchpad (6488 chars) into prompt
2026-03-06T09:18:02.240837Z  INFO ralph_core::event_loop: Injecting ready tasks (1 ready, 2 open, 2 closed) into prompt
2026-03-06T09:20:15.086696Z  WARN ralph_core::event_loop: build.done rejected: backpressure checks failed tests=false lint=true typecheck=true audit=false coverage=false duplication=false
2026-03-06T09:20:15.087422Z  WARN ralph_core::event_loop: Task abandoned after 3 consecutive blocks task_id=Backpressure checks failed. Fix tests/lint/typecheck/audit/coverage/complexity/duplication/specs before emitting build.done.
2026-03-06T09:20:15.087609Z  INFO ralph_core::event_loop: Memory injection check: enabled=true, inject=Auto, workspace_root="/Users/sunchit/Documents/projects/pai"
2026-03-06T09:20:15.087620Z  INFO ralph_core::event_loop: Looking for memories at: "/Users/sunchit/Documents/projects/pai/.ralph/agent/memories.md" (exists: false)
2026-03-06T09:20:15.087626Z  INFO ralph_core::event_loop: Successfully loaded 0 memories from store
2026-03-06T09:20:15.087630Z  INFO ralph_core::event_loop: Memory store is empty - no memories to inject
2026-03-06T09:20:15.087834Z  INFO ralph_core::event_loop: Injecting scratchpad (7285 chars) into prompt
2026-03-06T09:20:15.088420Z  INFO ralph_core::event_loop: Injecting ready tasks (1 ready, 2 open, 2 closed) into prompt
2026-03-06T09:21:13.582529Z  INFO ralph_core::event_loop: Memory injection check: enabled=true, inject=Auto, workspace_root="/Users/sunchit/Documents/projects/pai"
2026-03-06T09:21:13.582561Z  INFO ralph_core::event_loop: Looking for memories at: "/Users/sunchit/Documents/projects/pai/.ralph/agent/memories.md" (exists: false)
2026-03-06T09:21:13.582568Z  INFO ralph_core::event_loop: Successfully loaded 0 memories from store
2026-03-06T09:21:13.582571Z  INFO ralph_core::event_loop: Memory store is empty - no memories to inject
2026-03-06T09:21:13.583550Z  INFO ralph_core::event_loop: Injecting scratchpad (7890 chars) into prompt
2026-03-06T09:21:13.583656Z  INFO ralph_core::event_loop: Injecting ready tasks (1 ready, 1 open, 3 closed) into prompt
2026-03-06T09:22:28.725621Z  WARN ralph_core::event_loop: build.done rejected: backpressure checks failed tests=false lint=true typecheck=true audit=false coverage=false duplication=false
2026-03-06T09:22:28.726463Z  INFO ralph_core::event_loop: Memory injection check: enabled=true, inject=Auto, workspace_root="/Users/sunchit/Documents/projects/pai"
2026-03-06T09:22:28.726478Z  INFO ralph_core::event_loop: Looking for memories at: "/Users/sunchit/Documents/projects/pai/.ralph/agent/memories.md" (exists: false)
2026-03-06T09:22:28.726483Z  INFO ralph_core::event_loop: Successfully loaded 0 memories from store
2026-03-06T09:22:28.726487Z  INFO ralph_core::event_loop: Memory store is empty - no memories to inject
2026-03-06T09:22:28.726820Z  INFO ralph_core::event_loop: Injecting scratchpad (8698 chars) into prompt
2026-03-06T09:22:28.728749Z  INFO ralph_core::event_loop: Injecting ready tasks (1 ready, 1 open, 3 closed) into prompt
2026-03-06T09:23:58.250017Z  INFO ralph_core::event_loop: Completion event detected in JSONL topic=LOOP_COMPLETE
2026-03-06T09:23:58.252331Z  INFO ralph_core::event_loop: Completion event detected - terminating
2026-03-06T09:23:58.252343Z  INFO ralph::loop_runner: Completion event LOOP_COMPLETE detected.
2026-03-06T09:23:58.252351Z  INFO ralph_core::event_loop: Wrapping up: completed. 11 iterations in 19m 58s. reason=completed iterations=11 duration=19m 58s
2026-03-06T09:23:58.288137Z  INFO ralph_core::landing: Beginning landing sequence loop_id=primary
2026-03-06T09:23:59.181264Z  INFO ralph_core::landing: Auto-committed changes during landing loop_id=primary commit=Some("d3355c25b5a26f60921927edbbcef8f2f960bb9b") files=15
2026-03-06T09:23:59.711071Z  INFO ralph_core::landing: Generated handoff file loop_id=primary path=/Users/sunchit/Documents/projects/pai/.ralph/agent/handoff.md completed=4 open=0
2026-03-06T09:23:59.738938Z  INFO ralph_core::loop_completion: Landing completed with auto-commit commit=Some("d3355c25b5a26f60921927edbbcef8f2f960bb9b") handoff=/Users/sunchit/Documents/projects/pai/.ralph/agent/handoff.md
2026-03-06T09:23:59.738976Z  INFO ralph::loop_runner: Primary loop landed successfully committed=true handoff=/Users/sunchit/Documents/projects/pai/.ralph/agent/handoff.md open_tasks=0
2026-03-06T09:34:20.852277Z  INFO ralph_tui::app: Ctrl+C detected, signaling main loop
