2026-03-16T08:20:05.931111Z  INFO ralph: Creating scratchpad directory: /Users/sunchit/Documents/projects/pai/ralph-tasks/.ralph/agent
2026-03-16T08:20:06.059704Z  INFO ralph_core::event_loop: Memory injection check: enabled=true, inject=Auto, workspace_root="/Users/sunchit/Documents/projects/pai/ralph-tasks"
2026-03-16T08:20:06.059733Z  INFO ralph_core::event_loop: Looking for memories at: "/Users/sunchit/Documents/projects/pai/ralph-tasks/.ralph/agent/memories.md" (exists: false)
2026-03-16T08:20:06.059739Z  INFO ralph_core::event_loop: Successfully loaded 0 memories from store
2026-03-16T08:20:06.059743Z  INFO ralph_core::event_loop: Memory store is empty - no memories to inject
2026-03-16T08:23:51.454508Z  INFO ralph_core::event_loop: Memory injection check: enabled=true, inject=Auto, workspace_root="/Users/sunchit/Documents/projects/pai/ralph-tasks"
2026-03-16T08:23:51.454713Z  INFO ralph_core::event_loop: Looking for memories at: "/Users/sunchit/Documents/projects/pai/ralph-tasks/.ralph/agent/memories.md" (exists: false)
2026-03-16T08:23:51.454721Z  INFO ralph_core::event_loop: Successfully loaded 0 memories from store
2026-03-16T08:23:51.454724Z  INFO ralph_core::event_loop: Memory store is empty - no memories to inject
2026-03-16T08:23:51.455723Z  INFO ralph_core::event_loop: Injecting scratchpad (1666 chars) into prompt
2026-03-16T08:23:51.456276Z  INFO ralph_core::event_loop: Injecting ready tasks (9 ready, 9 open, 1 closed) into prompt
2026-03-16T08:25:13.492853Z  INFO ralph_core::event_loop: Memory injection check: enabled=true, inject=Auto, workspace_root="/Users/sunchit/Documents/projects/pai/ralph-tasks"
2026-03-16T08:25:13.493108Z  INFO ralph_core::event_loop: Looking for memories at: "/Users/sunchit/Documents/projects/pai/ralph-tasks/.ralph/agent/memories.md" (exists: false)
2026-03-16T08:25:13.493127Z  INFO ralph_core::event_loop: Successfully loaded 0 memories from store
2026-03-16T08:25:13.493134Z  INFO ralph_core::event_loop: Memory store is empty - no memories to inject
2026-03-16T08:25:13.493397Z  INFO ralph_core::event_loop: Injecting scratchpad (1666 chars) into prompt
2026-03-16T08:25:13.493748Z  INFO ralph_core::event_loop: Injecting ready tasks (9 ready, 9 open, 1 closed) into prompt
2026-03-16T08:29:32.348371Z  INFO ralph_core::event_loop: Memory injection check: enabled=true, inject=Auto, workspace_root="/Users/sunchit/Documents/projects/pai/ralph-tasks"
2026-03-16T08:29:32.348576Z  INFO ralph_core::event_loop: Looking for memories at: "/Users/sunchit/Documents/projects/pai/ralph-tasks/.ralph/agent/memories.md" (exists: false)
2026-03-16T08:29:32.348591Z  INFO ralph_core::event_loop: Successfully loaded 0 memories from store
2026-03-16T08:29:32.348598Z  INFO ralph_core::event_loop: Memory store is empty - no memories to inject
2026-03-16T08:29:32.349205Z  INFO ralph_core::event_loop: Injecting scratchpad (2074 chars) into prompt
2026-03-16T08:29:32.350017Z  INFO ralph_core::event_loop: Injecting ready tasks (8 ready, 8 open, 2 closed) into prompt
2026-03-16T08:33:25.610433Z  INFO ralph_core::event_loop: Memory injection check: enabled=true, inject=Auto, workspace_root="/Users/sunchit/Documents/projects/pai/ralph-tasks"
2026-03-16T08:33:25.610720Z  INFO ralph_core::event_loop: Looking for memories at: "/Users/sunchit/Documents/projects/pai/ralph-tasks/.ralph/agent/memories.md" (exists: false)
2026-03-16T08:33:25.610735Z  INFO ralph_core::event_loop: Successfully loaded 0 memories from store
2026-03-16T08:33:25.610740Z  INFO ralph_core::event_loop: Memory store is empty - no memories to inject
2026-03-16T08:33:25.611096Z  INFO ralph_core::event_loop: Injecting scratchpad (2783 chars) into prompt
2026-03-16T08:33:25.611537Z  INFO ralph_core::event_loop: Injecting ready tasks (7 ready, 7 open, 3 closed) into prompt
2026-03-16T08:35:30.955145Z  INFO ralph_core::event_loop: Memory injection check: enabled=true, inject=Auto, workspace_root="/Users/sunchit/Documents/projects/pai/ralph-tasks"
2026-03-16T08:35:30.955379Z  INFO ralph_core::event_loop: Looking for memories at: "/Users/sunchit/Documents/projects/pai/ralph-tasks/.ralph/agent/memories.md" (exists: false)
2026-03-16T08:35:30.955398Z  INFO ralph_core::event_loop: Successfully loaded 0 memories from store
2026-03-16T08:35:30.955401Z  INFO ralph_core::event_loop: Memory store is empty - no memories to inject
2026-03-16T08:35:30.955766Z  INFO ralph_core::event_loop: Injecting scratchpad (3170 chars) into prompt
2026-03-16T08:35:30.956124Z  INFO ralph_core::event_loop: Injecting ready tasks (6 ready, 6 open, 4 closed) into prompt
2026-03-16T08:37:12.681168Z  INFO ralph_core::event_loop: Memory injection check: enabled=true, inject=Auto, workspace_root="/Users/sunchit/Documents/projects/pai/ralph-tasks"
2026-03-16T08:37:12.681447Z  INFO ralph_core::event_loop: Looking for memories at: "/Users/sunchit/Documents/projects/pai/ralph-tasks/.ralph/agent/memories.md" (exists: false)
2026-03-16T08:37:12.681465Z  INFO ralph_core::event_loop: Successfully loaded 0 memories from store
2026-03-16T08:37:12.681473Z  INFO ralph_core::event_loop: Memory store is empty - no memories to inject
2026-03-16T08:37:12.682077Z  INFO ralph_core::event_loop: Injecting scratchpad (3713 chars) into prompt
2026-03-16T08:37:12.682763Z  INFO ralph_core::event_loop: Injecting ready tasks (5 ready, 5 open, 5 closed) into prompt
2026-03-16T08:39:01.995266Z  INFO ralph_core::event_loop: Memory injection check: enabled=true, inject=Auto, workspace_root="/Users/sunchit/Documents/projects/pai/ralph-tasks"
2026-03-16T08:39:01.995539Z  INFO ralph_core::event_loop: Looking for memories at: "/Users/sunchit/Documents/projects/pai/ralph-tasks/.ralph/agent/memories.md" (exists: false)
2026-03-16T08:39:01.995551Z  INFO ralph_core::event_loop: Successfully loaded 0 memories from store
2026-03-16T08:39:01.995558Z  INFO ralph_core::event_loop: Memory store is empty - no memories to inject
2026-03-16T08:39:01.996450Z  INFO ralph_core::event_loop: Injecting scratchpad (4182 chars) into prompt
2026-03-16T08:39:01.997418Z  INFO ralph_core::event_loop: Injecting ready tasks (4 ready, 4 open, 6 closed) into prompt
2026-03-16T08:42:17.088902Z  INFO ralph_core::event_loop: Memory injection check: enabled=true, inject=Auto, workspace_root="/Users/sunchit/Documents/projects/pai/ralph-tasks"
2026-03-16T08:42:17.089091Z  INFO ralph_core::event_loop: Looking for memories at: "/Users/sunchit/Documents/projects/pai/ralph-tasks/.ralph/agent/memories.md" (exists: false)
2026-03-16T08:42:17.089099Z  INFO ralph_core::event_loop: Successfully loaded 0 memories from store
2026-03-16T08:42:17.089103Z  INFO ralph_core::event_loop: Memory store is empty - no memories to inject
2026-03-16T08:42:17.089275Z  INFO ralph_core::event_loop: Injecting scratchpad (4751 chars) into prompt
2026-03-16T08:42:17.089493Z  INFO ralph_core::event_loop: Injecting ready tasks (3 ready, 3 open, 7 closed) into prompt
2026-03-16T08:44:37.847849Z  INFO ralph_core::event_loop: Memory injection check: enabled=true, inject=Auto, workspace_root="/Users/sunchit/Documents/projects/pai/ralph-tasks"
2026-03-16T08:44:37.847904Z  INFO ralph_core::event_loop: Looking for memories at: "/Users/sunchit/Documents/projects/pai/ralph-tasks/.ralph/agent/memories.md" (exists: false)
2026-03-16T08:44:37.847913Z  INFO ralph_core::event_loop: Successfully loaded 0 memories from store
2026-03-16T08:44:37.847917Z  INFO ralph_core::event_loop: Memory store is empty - no memories to inject
2026-03-16T08:44:37.848382Z  INFO ralph_core::event_loop: Injecting scratchpad (5265 chars) into prompt
2026-03-16T08:44:37.849330Z  INFO ralph_core::event_loop: Injecting ready tasks (2 ready, 2 open, 8 closed) into prompt
2026-03-16T08:46:22.647776Z  INFO ralph_core::event_loop: Memory injection check: enabled=true, inject=Auto, workspace_root="/Users/sunchit/Documents/projects/pai/ralph-tasks"
2026-03-16T08:46:22.647962Z  INFO ralph_core::event_loop: Looking for memories at: "/Users/sunchit/Documents/projects/pai/ralph-tasks/.ralph/agent/memories.md" (exists: false)
2026-03-16T08:46:22.647976Z  INFO ralph_core::event_loop: Successfully loaded 0 memories from store
2026-03-16T08:46:22.647981Z  INFO ralph_core::event_loop: Memory store is empty - no memories to inject
2026-03-16T08:46:22.648384Z  INFO ralph_core::event_loop: Injecting scratchpad (5632 chars) into prompt
2026-03-16T08:46:22.649265Z  INFO ralph_core::event_loop: Injecting ready tasks (1 ready, 1 open, 9 closed) into prompt
2026-03-16T08:49:01.477060Z  INFO ralph_core::event_loop: Completion event detected in JSONL topic=LOOP_COMPLETE
2026-03-16T08:49:01.477648Z  INFO ralph_core::event_loop: Completion event detected - terminating
2026-03-16T08:49:01.477669Z  INFO ralph::loop_runner: Completion event LOOP_COMPLETE detected.
2026-03-16T08:49:01.477690Z  INFO ralph_core::event_loop: Wrapping up: completed. 11 iterations in 28m 55s. reason=completed iterations=11 duration=28m 55s
2026-03-16T08:49:01.512316Z  INFO ralph_core::landing: Beginning landing sequence loop_id=primary
